Build started 03.01.2016 20:33:24.
     1>Project "C:\code\put\pr\projekt1\Projekt1\Projekt1\Projekt1.vcxproj" on node 2 (Build target(s)).
     1>ClCompile:
         E:\Program Files (x86)\Microsoft Visual Studio 14.0\VC\bin\CL.exe /c /Zi /nologo /W3 /WX- /O2 /Oi /Oy- /GL /D WIN32 /D NDEBUG /D _CONSOLE /D _UNICODE /D UNICODE /Gm- /EHsc /MD /GS /Gy /fp:precise /Zc:wchar_t /Zc:forScope /Zc:inline /openmp /Yu"stdafx.h" /Fp"Release\Projekt1.pch" /Fo"Release\\" /Fd"Release\vc140.pdb" /Gd /TP /analyze- /errorReport:prompt Projekt1.cpp
         Projekt1.cpp
     1>Projekt1.cpp(189): warning C4244: '=': conversion from 'double' to 'volatile float_t', possible loss of data
     1>Projekt1.cpp(190): warning C4244: '=': conversion from 'double' to 'float_t', possible loss of data
     1>Projekt1.cpp(193): warning C4244: '=': conversion from 'double' to 'float_t', possible loss of data
     1>Projekt1.cpp(255): warning C4101: 'x': unreferenced local variable
       Link:
         E:\Program Files (x86)\Microsoft Visual Studio 14.0\VC\bin\link.exe /ERRORREPORT:PROMPT /OUT:"C:\code\put\pr\projekt1\Projekt1\Release\Projekt1.exe" /INCREMENTAL:NO /NOLOGO kernel32.lib user32.lib gdi32.lib winspool.lib comdlg32.lib advapi32.lib shell32.lib ole32.lib oleaut32.lib uuid.lib odbc32.lib odbccp32.lib /MANIFEST /MANIFESTUAC:"level='asInvoker' uiAccess='false'" /manifest:embed /Debug /PDB:"C:\code\put\pr\projekt1\Projekt1\Release\Projekt1.pdb" /SUBSYSTEM:CONSOLE /OPT:REF /OPT:ICF /LTCG:incremental /TLBID:1 /DYNAMICBASE /NXCOMPAT /IMPLIB:"C:\code\put\pr\projekt1\Projekt1\Release\Projekt1.lib" /MACHINE:X86 /SAFESEH Release\Projekt1.obj
         Release\stdafx.obj
         Generating code
         4 of 14 functions (28.6%) were compiled, the rest were copied from previous compilation.
           2 functions were new in current compilation
           0 functions had inline decision re-evaluated but remain unchanged
         Finished generating code
         Projekt1.vcxproj -> C:\code\put\pr\projekt1\Projekt1\Release\Projekt1.exe
     1>Done Building Project "C:\code\put\pr\projekt1\Projekt1\Projekt1\Projekt1.vcxproj" (Build target(s)).

Build succeeded.

Time Elapsed 00:00:00.83
